<?xml version="1.0" encoding="UTF-8"?>
<!-- Generated by org.testng.reporters.JUnitReportReporter -->
<testsuite hostname="LAPTOP-D6IT8EFO" failures="0" tests="1" name="TestNGPrograms.radiobutton" time="10.920" errors="0" timestamp="2023-04-13T07:44:16 IST" skipped="0">
  <testcase classname="TestNGPrograms.radiobutton" name="verifyRadioButton" time="10.920"/>
  <system-out/>
</testsuite> <!-- TestNGPrograms.radiobutton -->
