<?xml version="1.0" encoding="UTF-8"?>
<!-- Generated by org.testng.reporters.JUnitReportReporter -->
<testsuite hostname="LAPTOP-D6IT8EFO" failures="0" tests="2" name="TestNGPrograms.DataProviderExecution" time="11.331" errors="0" timestamp="2023-04-10T08:27:30 IST" skipped="0">
  <testcase classname="TestNGPrograms.DataProviderExecution" name="verifyFacebookLogin" time="7.517"/>
  <system-out/>
  <testcase classname="TestNGPrograms.DataProviderExecution" name="verifyFacebookLogin" time="3.814"/>
  <system-out/>
</testsuite> <!-- TestNGPrograms.DataProviderExecution -->
