<?xml version="1.0" encoding="UTF-8"?>
<!-- Generated by org.testng.reporters.JUnitReportReporter -->
<testsuite hostname="LAPTOP-D6IT8EFO" failures="0" tests="3" name="assignments.FormSubmit" time="20.548" errors="0" timestamp="2023-04-09T22:02:26 IST" skipped="0">
  <testcase classname="assignments.FormSubmit" name="verifyTermsAndCondition" time="4.807"/>
  <system-out/>
  <testcase classname="assignments.FormSubmit" name="verifyHeaderText" time="9.237"/>
  <system-out/>
  <testcase classname="assignments.FormSubmit" name="verifySuccessMessage" time="6.504"/>
  <system-out/>
</testsuite> <!-- assignments.FormSubmit -->
