<?xml version="1.0" encoding="UTF-8"?>
<!-- Generated by org.testng.reporters.JUnitReportReporter -->
<testsuite hostname="LAPTOP-D6IT8EFO" failures="0" tests="1" name="assignments.ExampleSoftAssert" time="10.422" errors="0" timestamp="2023-04-11T15:51:36 IST" skipped="0">
  <testcase classname="assignments.ExampleSoftAssert" name="verifyoptions" time="10.422"/>
  <system-out/>
</testsuite> <!-- assignments.ExampleSoftAssert -->
