<?xml version="1.0" encoding="UTF-8"?>
<!-- Generated by org.testng.reporters.JUnitReportReporter -->
<testsuite hostname="LAPTOP-D6IT8EFO" failures="0" tests="2" name="TestNGPrograms.Annotations" time="0.067" errors="0" timestamp="2023-04-05T07:38:03 IST" skipped="0">
  <testcase classname="TestNGPrograms.Annotations" name="testcase1" time="0.050"/>
  <system-out/>
  <testcase classname="TestNGPrograms.Annotations" name="testcase2" time="0.017"/>
  <system-out/>
</testsuite> <!-- TestNGPrograms.Annotations -->
