<?xml version="1.0" encoding="UTF-8"?>
<!-- Generated by org.testng.reporters.JUnitReportReporter -->
<testsuite hostname="LAPTOP-D6IT8EFO" failures="0" tests="3" name="assignments.ExampleAssertion" time="12.328" errors="0" timestamp="2023-04-08T22:34:38 IST" skipped="2">
  <testcase classname="assignments.ExampleAssertion" name="verifyAllCheckBox" time="12.328"/>
  <system-out/>
  <testcase classname="assignments.ExampleAssertion" name="verifyButtonIsEnabled">
    <skipped/>
  </testcase> <!-- verifyButtonIsEnabled -->
  <system-out/>
  <testcase classname="assignments.ExampleAssertion" name="verifyButtonName">
    <skipped/>
  </testcase> <!-- verifyButtonName -->
  <system-out/>
</testsuite> <!-- assignments.ExampleAssertion -->
