<?xml version="1.0" encoding="UTF-8"?>
<!-- Generated by org.testng.reporters.JUnitReportReporter -->
<testsuite hostname="LAPTOP-D6IT8EFO" failures="0" tests="1" name="assignments.SoftAssertExample" time="8.707" errors="0" timestamp="2023-04-11T14:47:33 IST" skipped="0">
  <testcase classname="assignments.SoftAssertExample" name="verifycheckboxes" time="8.707"/>
  <system-out/>
</testsuite> <!-- assignments.SoftAssertExample -->
