<?xml version="1.0" encoding="UTF-8"?>
<!-- Generated by org.testng.reporters.JUnitReportReporter -->
<testsuite hostname="LAPTOP-D6IT8EFO" failures="0" tests="1" name="TestNGPrograms.switchToFrame" time="11.732" errors="0" timestamp="2023-04-08T08:50:02 IST" skipped="0">
  <testcase classname="TestNGPrograms.switchToFrame" name="verify" time="11.732"/>
  <system-out/>
</testsuite> <!-- TestNGPrograms.switchToFrame -->
