<?xml version="1.0" encoding="UTF-8"?>
<!-- Generated by org.testng.reporters.JUnitReportReporter -->
<testsuite hostname="LAPTOP-D6IT8EFO" failures="0" tests="2" name="TestNGPrograms.WindowSwitchingExample" time="19.622" errors="0" timestamp="2023-04-13T07:35:31 IST" skipped="1">
  <testcase classname="TestNGPrograms.WindowSwitchingExample" name="AnotherMethod" time="19.622"/>
  <system-out/>
  <testcase classname="TestNGPrograms.WindowSwitchingExample" name="TestCase1">
    <skipped/>
  </testcase> <!-- TestCase1 -->
  <system-out/>
</testsuite> <!-- TestNGPrograms.WindowSwitchingExample -->
