<?xml version="1.0" encoding="UTF-8"?>
<!-- Generated by org.testng.reporters.JUnitReportReporter -->
<testsuite hostname="LAPTOP-D6IT8EFO" failures="0" tests="1" name="TestNGPrograms.HardSoftAssert" time="10.039" errors="0" timestamp="2023-04-10T07:40:22 IST" skipped="0">
  <testcase classname="TestNGPrograms.HardSoftAssert" name="verify" time="10.039"/>
  <system-out/>
</testsuite> <!-- TestNGPrograms.HardSoftAssert -->
