<?xml version="1.0" encoding="UTF-8"?>
<!-- Generated by org.testng.reporters.JUnitReportReporter -->
<testsuite hostname="LAPTOP-D6IT8EFO" failures="0" tests="2" name="assignments.AssertToolTip" time="13.979" errors="0" timestamp="2023-04-09T08:25:30 IST" skipped="1">
  <testcase classname="assignments.AssertToolTip" name="printTextFromNewWindow" time="13.979"/>
  <system-out/>
  <testcase classname="assignments.AssertToolTip" name="verifyToolTipFollowAll">
    <skipped/>
  </testcase> <!-- verifyToolTipFollowAll -->
  <system-out/>
</testsuite> <!-- assignments.AssertToolTip -->
