<?xml version="1.0" encoding="UTF-8"?>
<!-- Generated by org.testng.reporters.JUnitReportReporter -->
<testsuite hostname="LAPTOP-D6IT8EFO" failures="0" tests="3" name="assignments.Data_providerAssignment" time="23.614" errors="0" timestamp="2023-04-10T23:15:22 IST" skipped="0">
  <testcase classname="assignments.Data_providerAssignment" name="submitform" time="6.527"/>
  <system-out/>
  <testcase classname="assignments.Data_providerAssignment" name="submitform" time="11.147"/>
  <system-out/>
  <testcase classname="assignments.Data_providerAssignment" name="submitform" time="5.940"/>
  <system-out/>
</testsuite> <!-- assignments.Data_providerAssignment -->
